<?xml version="1.0" encoding="UTF-8"?>
<!-- Generated by org.testng.reporters.JUnitXMLReporter -->
<testsuite hostname="DESKTOP-VD74DVK" name="Test" tests="5" failures="0" timestamp="30 Apr 2020 17:31:33 GMT" time="387.13" errors="0">
  <testcase name="createcontactwithAdministratorTest" time="41.43" classname="com.contact.test1.Contact_Tc_21Test"/>
  <testcase name="OpenContactAndDeleteThatContact" time="76.381" classname="com.contact.test1.Contact_TC_22Test"/>
  <testcase name="OpenContactAndDeleteThatContactAndCancelTest" time="46.885" classname="com.contact.test1.Contact_TC_23Test"/>
  <testcase name="SelectContactAndDeleteOneContactWithHeaderDelete" time="47.366" classname="com.contact.test1.Contact_TC_24Test"/>
  <testcase name="SelectContactAndDeleteOneContactWithHeaderDeleteAndCancel" time="35.072" classname="com.contact.test1.Contact_TC_25Test"/>
</testsuite> <!-- Test -->
