<?xml version="1.0" encoding="UTF-8"?>
<testng-results skipped="0" failed="0" ignored="0" total="1" passed="1">
  <reporter-output>
    <line>
      <![CDATA[=========lounch the browser=======]]>
    </line>
    <line>
      <![CDATA[=======login=======]]>
    </line>
    <line>
      <![CDATA[login successfully]]>
    </line>
    <line>
      <![CDATA[Creating New Contact is avilable]]>
    </line>
    <line>
      <![CDATA[contact created]]>
    </line>
    <line>
      <![CDATA[  Administrator  is avilable]]>
    </line>
    <line>
      <![CDATA[logout successfully]]>
    </line>
  </reporter-output>
  <suite name="Default suite" duration-ms="353121" started-at="2020-01-10T07:41:03 IST" finished-at="2020-01-10T07:46:56 IST">
    <groups>
    </groups>
    <test name="Default test" duration-ms="353121" started-at="2020-01-10T07:41:03 IST" finished-at="2020-01-10T07:46:56 IST">
      <class name="com.contact.test1.Contact_TC_21Test">
        <test-method status="PASS" signature="configBC()[pri:0, instance:com.contact.test1.Contact_TC_21Test@7494e528]" name="configBC" is-config="true" duration-ms="53461" started-at="2020-01-10T07:41:03 IST" finished-at="2020-01-10T07:41:56 IST">
          <reporter-output>
            <line>
              <![CDATA[=========lounch the browser=======]]>
            </line>
          </reporter-output>
        </test-method> <!-- configBC -->
        <test-method status="PASS" signature="configBM()[pri:0, instance:com.contact.test1.Contact_TC_21Test@7494e528]" name="configBM" is-config="true" duration-ms="140938" started-at="2020-01-10T07:41:56 IST" finished-at="2020-01-10T07:44:17 IST">
          <reporter-output>
            <line>
              <![CDATA[=======login=======]]>
            </line>
            <line>
              <![CDATA[login successfully]]>
            </line>
          </reporter-output>
        </test-method> <!-- configBM -->
        <test-method status="PASS" signature="createcontactwithAdministratorTest()[pri:0, instance:com.contact.test1.Contact_TC_21Test@7494e528]" name="createcontactwithAdministratorTest" duration-ms="154886" started-at="2020-01-10T07:44:17 IST" finished-at="2020-01-10T07:46:52 IST">
          <reporter-output>
            <line>
              <![CDATA[Creating New Contact is avilable]]>
            </line>
            <line>
              <![CDATA[contact created]]>
            </line>
            <line>
              <![CDATA[  Administrator  is avilable]]>
            </line>
          </reporter-output>
        </test-method> <!-- createcontactwithAdministratorTest -->
        <test-method status="PASS" signature="configAM()[pri:0, instance:com.contact.test1.Contact_TC_21Test@7494e528]" name="configAM" is-config="true" duration-ms="8" started-at="2020-01-10T07:46:52 IST" finished-at="2020-01-10T07:46:52 IST">
          <reporter-output>
          </reporter-output>
        </test-method> <!-- configAM -->
        <test-method status="PASS" signature="configAc()[pri:0, instance:com.contact.test1.Contact_TC_21Test@7494e528]" name="configAc" is-config="true" duration-ms="3223" started-at="2020-01-10T07:46:52 IST" finished-at="2020-01-10T07:46:56 IST">
          <reporter-output>
            <line>
              <![CDATA[logout successfully]]>
            </line>
          </reporter-output>
        </test-method> <!-- configAc -->
      </class> <!-- com.contact.test1.Contact_TC_21Test -->
    </test> <!-- Default test -->
  </suite> <!-- Default suite -->
</testng-results>
